<?xml version="1.0" encoding="UTF-8"?>
<!-- Generated by org.testng.reporters.JUnitReportReporter -->
<testsuite hostname="TMZ-DPC-2178" failures="1" tests="16" name="runner.Runner" time="462.728" errors="0" timestamp="2023-11-22T13:17:03 IST" skipped="0">
  <testcase classname="runner.Runner" name="runScenario" time="18.913"/>
  <testcase classname="runner.Runner" name="runScenario" time="23.971"/>
  <testcase classname="runner.Runner" name="runScenario" time="15.749"/>
  <testcase classname="runner.Runner" name="runScenario" time="42.761"/>
  <testcase classname="runner.Runner" name="runScenario" time="20.465"/>
  <testcase classname="runner.Runner" name="runScenario" time="50.585"/>
  <testcase classname="runner.Runner" name="runScenario" time="26.838"/>
  <testcase classname="runner.Runner" name="runScenario" time="26.749"/>
  <testcase classname="runner.Runner" name="runScenario" time="26.671"/>
  <testcase classname="runner.Runner" name="runScenario" time="29.114"/>
  <testcase classname="runner.Runner" name="runScenario" time="29.483">
    <failure type="java.lang.AssertionError">
      <![CDATA[java.lang.AssertionError
at org.junit.Assert.fail(Assert.java:87)
at org.junit.Assert.assertTrue(Assert.java:42)
at org.junit.Assert.assertTrue(Assert.java:53)
at com.stepdefinition.AdminLoginStepDefinition.checks_the_name_in_inpatient(AdminLoginStepDefinition.java:280)
at âœ½.checks the name in Inpatient(file:///C:/MainPilotDeepak/Test/smartHospital/src/test/resources/Features/Inpatient.feature:31)
]]>
    </failure>
  </testcase> <!-- runScenario -->
  <testcase classname="runner.Runner" name="runScenario" time="20.543"/>
  <testcase classname="runner.Runner" name="runScenario" time="44.606"/>
  <testcase classname="runner.Runner" name="runScenario" time="37.261"/>
  <testcase classname="runner.Runner" name="runScenario" time="24.203"/>
  <testcase classname="runner.Runner" name="runScenario" time="24.816"/>
</testsuite> <!-- runner.Runner -->
